0 info it worked if it ends with ok
1 verbose cli [ 'C:\\Program Files\\nodejs\\node.exe',
1 verbose cli   'C:\\Program Files\\nodejs\\node_modules\\npm\\bin\\npm-cli.js',
1 verbose cli   'install',
1 verbose cli   'node' ]
2 info using npm@3.10.10
3 info using node@v6.9.5
4 silly loadCurrentTree Starting
5 silly install loadCurrentTree
6 silly install readLocalPackageData
7 silly fetchPackageMetaData node
8 silly fetchNamedPackageData node
9 silly mapToRegistry name node
10 silly mapToRegistry using default registry
11 silly mapToRegistry registry https://registry.npmjs.org/
12 silly mapToRegistry data Result {
12 silly mapToRegistry   raw: 'node',
12 silly mapToRegistry   scope: null,
12 silly mapToRegistry   escapedName: 'node',
12 silly mapToRegistry   name: 'node',
12 silly mapToRegistry   rawSpec: '',
12 silly mapToRegistry   spec: 'latest',
12 silly mapToRegistry   type: 'tag' }
13 silly mapToRegistry uri https://registry.npmjs.org/node
14 verbose request uri https://registry.npmjs.org/node
15 verbose request no auth needed
16 info attempt registry request try #1 at 14:39:09
17 verbose request id b7f0a4aa7ece5d5a
18 http request GET https://registry.npmjs.org/node
19 http 200 https://registry.npmjs.org/node
20 verbose headers { 'content-type': 'application/json; charset=UTF-8',
20 verbose headers   server: 'UploadServer',
20 verbose headers   'cache-control': 'max-age=300',
20 verbose headers   'last-modified': 'Wed, 29 Nov 2017 1:02:28 GMT',
20 verbose headers   etag: '"5a1e0724-517a1"',
20 verbose headers   'content-length': '333729',
20 verbose headers   'accept-ranges': 'bytes',
20 verbose headers   date: 'Tue, 05 Dec 2017 13:39:10 GMT',
20 verbose headers   via: '1.1 varnish',
20 verbose headers   age: '0',
20 verbose headers   connection: 'keep-alive',
20 verbose headers   'x-served-by': 'cache-fra1235-FRA',
20 verbose headers   'x-cache': 'MISS',
20 verbose headers   'x-cache-hits': '0',
20 verbose headers   'x-timer': 'S1512481150.922165,VS0,VE118',
20 verbose headers   vary: 'Accept-Encoding, Accept' }
21 silly get cb [ 200,
21 silly get   { 'content-type': 'application/json; charset=UTF-8',
21 silly get     server: 'UploadServer',
21 silly get     'cache-control': 'max-age=300',
21 silly get     'last-modified': 'Wed, 29 Nov 2017 1:02:28 GMT',
21 silly get     etag: '"5a1e0724-517a1"',
21 silly get     'content-length': '333729',
21 silly get     'accept-ranges': 'bytes',
21 silly get     date: 'Tue, 05 Dec 2017 13:39:10 GMT',
21 silly get     via: '1.1 varnish',
21 silly get     age: '0',
21 silly get     connection: 'keep-alive',
21 silly get     'x-served-by': 'cache-fra1235-FRA',
21 silly get     'x-cache': 'MISS',
21 silly get     'x-cache-hits': '0',
21 silly get     'x-timer': 'S1512481150.922165,VS0,VE118',
21 silly get     vary: 'Accept-Encoding, Accept' } ]
22 verbose get saving node to C:\Users\Lucy\AppData\Roaming\npm-cache\registry.npmjs.org\node\.cache.json
23 verbose correctMkdir C:\Users\Lucy\AppData\Roaming\npm-cache correctMkdir not in flight; initializing
24 silly install normalizeTree
25 silly loadCurrentTree Finishing
26 silly loadIdealTree Starting
27 silly install loadIdealTree
28 silly cloneCurrentTree Starting
29 silly install cloneCurrentTreeToIdealTree
30 silly cloneCurrentTree Finishing
31 silly loadShrinkwrap Starting
32 silly install loadShrinkwrap
33 silly loadShrinkwrap Finishing
34 silly loadAllDepsIntoIdealTree Starting
35 silly install loadAllDepsIntoIdealTree
36 silly resolveWithNewModule node@9.2.0 checking installable status
37 silly cache add args [ 'node', null ]
38 verbose cache add spec node
39 silly cache add parsed spec Result {
39 silly cache add   raw: 'node',
39 silly cache add   scope: null,
39 silly cache add   escapedName: 'node',
39 silly cache add   name: 'node',
39 silly cache add   rawSpec: '',
39 silly cache add   spec: 'latest',
39 silly cache add   type: 'tag' }
40 silly addNamed node@latest
41 verbose addNamed "latest" is being treated as a dist-tag for node
42 info addNameTag [ 'node', 'latest' ]
43 silly mapToRegistry name node
44 silly mapToRegistry using default registry
45 silly mapToRegistry registry https://registry.npmjs.org/
46 silly mapToRegistry data Result {
46 silly mapToRegistry   raw: 'node',
46 silly mapToRegistry   scope: null,
46 silly mapToRegistry   escapedName: 'node',
46 silly mapToRegistry   name: 'node',
46 silly mapToRegistry   rawSpec: '',
46 silly mapToRegistry   spec: 'latest',
46 silly mapToRegistry   type: 'tag' }
47 silly mapToRegistry uri https://registry.npmjs.org/node
48 verbose addNameTag registry:https://registry.npmjs.org/node not in flight; fetching
49 verbose get https://registry.npmjs.org/node not expired, no request
50 silly addNameTag next cb for node with tag latest
51 silly addNamed node@9.2.0
52 verbose addNamed "9.2.0" is a plain semver version for node
53 silly mapToRegistry name node
54 silly mapToRegistry using default registry
55 silly mapToRegistry registry https://registry.npmjs.org/
56 silly mapToRegistry data Result {
56 silly mapToRegistry   raw: 'node',
56 silly mapToRegistry   scope: null,
56 silly mapToRegistry   escapedName: 'node',
56 silly mapToRegistry   name: 'node',
56 silly mapToRegistry   rawSpec: '',
56 silly mapToRegistry   spec: 'latest',
56 silly mapToRegistry   type: 'tag' }
57 silly mapToRegistry uri https://registry.npmjs.org/node
58 verbose addRemoteTarball https://registry.npmjs.org/node/-/node-9.2.0.tgz not in flight; adding
59 verbose addRemoteTarball [ 'https://registry.npmjs.org/node/-/node-9.2.0.tgz',
59 verbose addRemoteTarball   '1d2171051dbc1856f993bb0dc72fbfdf4b9c9e62' ]
60 info retry fetch attempt 1 at 14:39:10
61 info attempt registry request try #1 at 14:39:10
62 http fetch GET https://registry.npmjs.org/node/-/node-9.2.0.tgz
63 http fetch 200 https://registry.npmjs.org/node/-/node-9.2.0.tgz
64 silly fetchAndShaCheck shasum 1d2171051dbc1856f993bb0dc72fbfdf4b9c9e62
65 verbose addTmpTarball C:\Users\Lucy\AppData\Local\Temp\npm-21268-eff9326b\registry.npmjs.org\node\-\node-9.2.0.tgz not in flight; adding
66 verbose addTmpTarball already have metadata; skipping unpack for node@9.2.0
67 verbose correctMkdir C:\Users\Lucy\AppData\Roaming\npm-cache correctMkdir not in flight; initializing
68 silly cache afterAdd node@9.2.0
69 verbose afterAdd C:\Users\Lucy\AppData\Roaming\npm-cache\node\9.2.0\package\package.json not in flight; writing
70 verbose correctMkdir C:\Users\Lucy\AppData\Roaming\npm-cache correctMkdir not in flight; initializing
71 verbose afterAdd C:\Users\Lucy\AppData\Roaming\npm-cache\node\9.2.0\package\package.json written
72 silly fetchNamedPackageData node-bin-setup
73 silly mapToRegistry name node-bin-setup
74 silly mapToRegistry using default registry
75 silly mapToRegistry registry https://registry.npmjs.org/
76 silly mapToRegistry data Result {
76 silly mapToRegistry   raw: 'node-bin-setup',
76 silly mapToRegistry   scope: null,
76 silly mapToRegistry   escapedName: 'node-bin-setup',
76 silly mapToRegistry   name: 'node-bin-setup',
76 silly mapToRegistry   rawSpec: '',
76 silly mapToRegistry   spec: 'latest',
76 silly mapToRegistry   type: 'tag' }
77 silly mapToRegistry uri https://registry.npmjs.org/node-bin-setup
78 verbose request uri https://registry.npmjs.org/node-bin-setup
79 verbose request no auth needed
80 info attempt registry request try #1 at 14:39:10
81 http request GET https://registry.npmjs.org/node-bin-setup
82 http 200 https://registry.npmjs.org/node-bin-setup
83 verbose headers { 'content-type': 'application/json; charset=UTF-8',
83 verbose headers   server: 'UploadServer',
83 verbose headers   'cache-control': 'max-age=300',
83 verbose headers   'last-modified': 'Tue, 25 Jul 2017 3:32:58 GMT',
83 verbose headers   etag: '"5976bbea-1511"',
83 verbose headers   'content-length': '5393',
83 verbose headers   'accept-ranges': 'bytes',
83 verbose headers   date: 'Tue, 05 Dec 2017 13:39:10 GMT',
83 verbose headers   via: '1.1 varnish',
83 verbose headers   age: '275',
83 verbose headers   connection: 'keep-alive',
83 verbose headers   'x-served-by': 'cache-fra1235-FRA',
83 verbose headers   'x-cache': 'HIT',
83 verbose headers   'x-cache-hits': '1',
83 verbose headers   'x-timer': 'S1512481151.571649,VS0,VE0',
83 verbose headers   vary: 'Accept-Encoding, Accept' }
84 silly get cb [ 200,
84 silly get   { 'content-type': 'application/json; charset=UTF-8',
84 silly get     server: 'UploadServer',
84 silly get     'cache-control': 'max-age=300',
84 silly get     'last-modified': 'Tue, 25 Jul 2017 3:32:58 GMT',
84 silly get     etag: '"5976bbea-1511"',
84 silly get     'content-length': '5393',
84 silly get     'accept-ranges': 'bytes',
84 silly get     date: 'Tue, 05 Dec 2017 13:39:10 GMT',
84 silly get     via: '1.1 varnish',
84 silly get     age: '275',
84 silly get     connection: 'keep-alive',
84 silly get     'x-served-by': 'cache-fra1235-FRA',
84 silly get     'x-cache': 'HIT',
84 silly get     'x-cache-hits': '1',
84 silly get     'x-timer': 'S1512481151.571649,VS0,VE0',
84 silly get     vary: 'Accept-Encoding, Accept' } ]
85 verbose get saving node-bin-setup to C:\Users\Lucy\AppData\Roaming\npm-cache\registry.npmjs.org\node-bin-setup\.cache.json
86 verbose correctMkdir C:\Users\Lucy\AppData\Roaming\npm-cache correctMkdir not in flight; initializing
87 silly resolveWithNewModule node-bin-setup@1.0.6 checking installable status
88 silly cache add args [ 'node-bin-setup@^1.0.0', null ]
89 verbose cache add spec node-bin-setup@^1.0.0
90 silly cache add parsed spec Result {
90 silly cache add   raw: 'node-bin-setup@^1.0.0',
90 silly cache add   scope: null,
90 silly cache add   escapedName: 'node-bin-setup',
90 silly cache add   name: 'node-bin-setup',
90 silly cache add   rawSpec: '^1.0.0',
90 silly cache add   spec: '>=1.0.0 <2.0.0',
90 silly cache add   type: 'range' }
91 silly addNamed node-bin-setup@>=1.0.0 <2.0.0
92 verbose addNamed ">=1.0.0 <2.0.0" is a valid semver range for node-bin-setup
93 silly addNameRange { name: 'node-bin-setup',
93 silly addNameRange   range: '>=1.0.0 <2.0.0',
93 silly addNameRange   hasData: false }
94 silly mapToRegistry name node-bin-setup
95 silly mapToRegistry using default registry
96 silly mapToRegistry registry https://registry.npmjs.org/
97 silly mapToRegistry data Result {
97 silly mapToRegistry   raw: 'node-bin-setup',
97 silly mapToRegistry   scope: null,
97 silly mapToRegistry   escapedName: 'node-bin-setup',
97 silly mapToRegistry   name: 'node-bin-setup',
97 silly mapToRegistry   rawSpec: '',
97 silly mapToRegistry   spec: 'latest',
97 silly mapToRegistry   type: 'tag' }
98 silly mapToRegistry uri https://registry.npmjs.org/node-bin-setup
99 verbose addNameRange registry:https://registry.npmjs.org/node-bin-setup not in flight; fetching
100 verbose get https://registry.npmjs.org/node-bin-setup not expired, no request
101 silly addNameRange number 2 { name: 'node-bin-setup',
101 silly addNameRange   range: '>=1.0.0 <2.0.0',
101 silly addNameRange   hasData: true }
102 silly addNameRange versions [ 'node-bin-setup',
102 silly addNameRange   [ '1.0.0', '1.0.1', '1.0.2', '1.0.3', '1.0.4', '1.0.6' ] ]
103 silly addNamed node-bin-setup@1.0.6
104 verbose addNamed "1.0.6" is a plain semver version for node-bin-setup
105 silly mapToRegistry name node-bin-setup
106 silly mapToRegistry using default registry
107 silly mapToRegistry registry https://registry.npmjs.org/
108 silly mapToRegistry data Result {
108 silly mapToRegistry   raw: 'node-bin-setup',
108 silly mapToRegistry   scope: null,
108 silly mapToRegistry   escapedName: 'node-bin-setup',
108 silly mapToRegistry   name: 'node-bin-setup',
108 silly mapToRegistry   rawSpec: '',
108 silly mapToRegistry   spec: 'latest',
108 silly mapToRegistry   type: 'tag' }
109 silly mapToRegistry uri https://registry.npmjs.org/node-bin-setup
110 verbose addRemoteTarball https://registry.npmjs.org/node-bin-setup/-/node-bin-setup-1.0.6.tgz not in flight; adding
111 verbose addRemoteTarball [ 'https://registry.npmjs.org/node-bin-setup/-/node-bin-setup-1.0.6.tgz',
111 verbose addRemoteTarball   '4b5c9bb937ece702d7069b36ca78af4684677528' ]
112 info retry fetch attempt 1 at 14:39:10
113 info attempt registry request try #1 at 14:39:10
114 http fetch GET https://registry.npmjs.org/node-bin-setup/-/node-bin-setup-1.0.6.tgz
115 http fetch 200 https://registry.npmjs.org/node-bin-setup/-/node-bin-setup-1.0.6.tgz
116 silly fetchAndShaCheck shasum 4b5c9bb937ece702d7069b36ca78af4684677528
117 verbose addTmpTarball C:\Users\Lucy\AppData\Local\Temp\npm-21268-eff9326b\registry.npmjs.org\node-bin-setup\-\node-bin-setup-1.0.6.tgz not in flight; adding
118 verbose addTmpTarball already have metadata; skipping unpack for node-bin-setup@1.0.6
119 verbose correctMkdir C:\Users\Lucy\AppData\Roaming\npm-cache correctMkdir not in flight; initializing
120 silly cache afterAdd node-bin-setup@1.0.6
121 verbose afterAdd C:\Users\Lucy\AppData\Roaming\npm-cache\node-bin-setup\1.0.6\package\package.json not in flight; writing
122 verbose correctMkdir C:\Users\Lucy\AppData\Roaming\npm-cache correctMkdir not in flight; initializing
123 verbose afterAdd C:\Users\Lucy\AppData\Roaming\npm-cache\node-bin-setup\1.0.6\package\package.json written
124 silly fetchNamedPackageData fsevents
125 silly mapToRegistry name fsevents
126 silly mapToRegistry using default registry
127 silly mapToRegistry registry https://registry.npmjs.org/
128 silly mapToRegistry data Result {
128 silly mapToRegistry   raw: 'fsevents',
128 silly mapToRegistry   scope: null,
128 silly mapToRegistry   escapedName: 'fsevents',
128 silly mapToRegistry   name: 'fsevents',
128 silly mapToRegistry   rawSpec: '',
128 silly mapToRegistry   spec: 'latest',
128 silly mapToRegistry   type: 'tag' }
129 silly mapToRegistry uri https://registry.npmjs.org/fsevents
130 verbose request uri https://registry.npmjs.org/fsevents
131 verbose request no auth needed
132 info attempt registry request try #1 at 14:39:10
133 http request GET https://registry.npmjs.org/fsevents
134 http 200 https://registry.npmjs.org/fsevents
135 verbose headers { 'content-type': 'application/json; charset=UTF-8',
135 verbose headers   server: 'UploadServer',
135 verbose headers   'cache-control': 'max-age=300',
135 verbose headers   'last-modified': 'Wed, 29 Nov 2017 10:42:05 GMT',
135 verbose headers   etag: '"5a1e8efd-e513"',
135 verbose headers   'content-length': '58643',
135 verbose headers   'accept-ranges': 'bytes',
135 verbose headers   date: 'Tue, 05 Dec 2017 13:39:11 GMT',
135 verbose headers   via: '1.1 varnish',
135 verbose headers   age: '294',
135 verbose headers   connection: 'keep-alive',
135 verbose headers   'x-served-by': 'cache-fra1235-FRA',
135 verbose headers   'x-cache': 'HIT',
135 verbose headers   'x-cache-hits': '9',
135 verbose headers   'x-timer': 'S1512481151.019258,VS0,VE0',
135 verbose headers   vary: 'Accept-Encoding, Accept' }
136 silly get cb [ 200,
136 silly get   { 'content-type': 'application/json; charset=UTF-8',
136 silly get     server: 'UploadServer',
136 silly get     'cache-control': 'max-age=300',
136 silly get     'last-modified': 'Wed, 29 Nov 2017 10:42:05 GMT',
136 silly get     etag: '"5a1e8efd-e513"',
136 silly get     'content-length': '58643',
136 silly get     'accept-ranges': 'bytes',
136 silly get     date: 'Tue, 05 Dec 2017 13:39:11 GMT',
136 silly get     via: '1.1 varnish',
136 silly get     age: '294',
136 silly get     connection: 'keep-alive',
136 silly get     'x-served-by': 'cache-fra1235-FRA',
136 silly get     'x-cache': 'HIT',
136 silly get     'x-cache-hits': '9',
136 silly get     'x-timer': 'S1512481151.019258,VS0,VE0',
136 silly get     vary: 'Accept-Encoding, Accept' } ]
137 verbose get saving fsevents to C:\Users\Lucy\AppData\Roaming\npm-cache\registry.npmjs.org\fsevents\.cache.json
138 verbose correctMkdir C:\Users\Lucy\AppData\Roaming\npm-cache correctMkdir not in flight; initializing
139 silly resolveWithNewModule fsevents@1.1.3 checking installable status
140 silly loadAllDepsIntoIdealTree Finishing
141 silly loadIdealTree Finishing
142 silly currentTree test@1.0.0
142 silly currentTree +-- abab@1.0.4
142 silly currentTree +-- acorn-globals@3.1.0
142 silly currentTree +-- acorn@4.0.13
142 silly currentTree +-- agent-base@4.1.2
142 silly currentTree +-- ajv@5.5.1
142 silly currentTree +-- align-text@0.1.4
142 silly currentTree +-- amdefine@1.0.1
142 silly currentTree +-- ansi-escapes@3.0.0
142 silly currentTree +-- ansi-regex@2.1.1
142 silly currentTree +-- ansi-styles@3.2.0
142 silly currentTree | `-- color-convert@1.9.1
142 silly currentTree +-- anymatch@1.3.2
142 silly currentTree +-- append-transform@0.4.0
142 silly currentTree +-- argparse@1.0.9
142 silly currentTree +-- arr-diff@2.0.0
142 silly currentTree +-- arr-flatten@1.1.0
142 silly currentTree +-- array-equal@1.0.0
142 silly currentTree +-- array-unique@0.2.1
142 silly currentTree +-- arrify@1.0.1
142 silly currentTree +-- asn1@0.2.3
142 silly currentTree +-- assert-plus@1.0.0
142 silly currentTree +-- astral-regex@1.0.0
142 silly currentTree +-- async-limiter@1.0.0
142 silly currentTree +-- async@2.6.0
142 silly currentTree +-- asynckit@0.4.0
142 silly currentTree +-- aws-sign2@0.7.0
142 silly currentTree +-- aws4@1.6.0
142 silly currentTree +-- babel-code-frame@6.26.0
142 silly currentTree | +-- ansi-styles@2.2.1
142 silly currentTree | +-- chalk@1.1.3
142 silly currentTree | +-- strip-ansi@3.0.1
142 silly currentTree | `-- supports-color@2.0.0
142 silly currentTree +-- babel-core@6.26.0
142 silly currentTree +-- babel-generator@6.26.0
142 silly currentTree +-- babel-helpers@6.24.1
142 silly currentTree +-- babel-jest@21.2.0
142 silly currentTree +-- babel-messages@6.23.0
142 silly currentTree +-- babel-plugin-istanbul@4.1.5
142 silly currentTree +-- babel-plugin-jest-hoist@21.2.0
142 silly currentTree +-- babel-plugin-syntax-object-rest-spread@6.13.0
142 silly currentTree +-- babel-preset-jest@21.2.0
142 silly currentTree +-- babel-register@6.26.0
142 silly currentTree +-- babel-runtime@6.26.0
142 silly currentTree +-- babel-template@6.26.0
142 silly currentTree +-- babel-traverse@6.26.0
142 silly currentTree +-- babel-types@6.26.0
142 silly currentTree +-- babylon@6.18.0
142 silly currentTree +-- balanced-match@1.0.0
142 silly currentTree +-- bcrypt-pbkdf@1.0.1
142 silly currentTree +-- boom@4.3.1
142 silly currentTree +-- brace-expansion@1.1.8
142 silly currentTree +-- braces@1.8.5
142 silly currentTree +-- browser-resolve@1.11.2
142 silly currentTree +-- bser@2.0.0
142 silly currentTree +-- builtin-modules@1.1.1
142 silly currentTree +-- callsites@2.0.0
142 silly currentTree +-- camelcase@1.2.1
142 silly currentTree +-- caseless@0.12.0
142 silly currentTree +-- center-align@0.1.3
142 silly currentTree +-- chalk@2.3.0
142 silly currentTree +-- ci-info@1.1.2
142 silly currentTree +-- cliui@2.1.0
142 silly currentTree | `-- wordwrap@0.0.2
142 silly currentTree +-- co@4.6.0
142 silly currentTree +-- code-point-at@1.1.0
142 silly currentTree +-- color-convert@0.5.3
142 silly currentTree +-- color-diff@0.1.7
142 silly currentTree +-- color-name@1.1.3
142 silly currentTree +-- combined-stream@1.0.5
142 silly currentTree +-- concat-map@0.0.1
142 silly currentTree +-- concat-stream@1.6.0
142 silly currentTree +-- content-type-parser@1.0.2
142 silly currentTree +-- convert-source-map@1.5.1
142 silly currentTree +-- core-js@2.5.1
142 silly currentTree +-- core-util-is@1.0.2
142 silly currentTree +-- cross-spawn@5.1.0
142 silly currentTree +-- cryptiles@3.1.2
142 silly currentTree | `-- boom@5.2.0
142 silly currentTree +-- cssom@0.3.2
142 silly currentTree +-- cssstyle@0.2.37
142 silly currentTree +-- dashdash@1.14.1
142 silly currentTree +-- debug@2.6.9
142 silly currentTree +-- decamelize@1.2.0
142 silly currentTree +-- deep-is@0.1.3
142 silly currentTree +-- default-require-extensions@1.0.0
142 silly currentTree +-- delayed-stream@1.0.0
142 silly currentTree +-- detect-indent@4.0.0
142 silly currentTree +-- diff@3.4.0
142 silly currentTree +-- ecc-jsbn@0.1.1
142 silly currentTree +-- errno@0.1.4
142 silly currentTree +-- error-ex@1.3.1
142 silly currentTree +-- es6-promise@4.1.1
142 silly currentTree +-- es6-promisify@5.0.0
142 silly currentTree +-- escape-string-regexp@1.0.5
142 silly currentTree +-- escodegen@1.9.0
142 silly currentTree | `-- esprima@3.1.3
142 silly currentTree +-- esprima@4.0.0
142 silly currentTree +-- estraverse@4.2.0
142 silly currentTree +-- esutils@2.0.2
142 silly currentTree +-- exec-sh@0.2.1
142 silly currentTree +-- execa@0.7.0
142 silly currentTree +-- expand-brackets@0.1.5
142 silly currentTree +-- expand-range@1.8.2
142 silly currentTree +-- expect@21.2.1
142 silly currentTree +-- extend@3.0.1
142 silly currentTree +-- extglob@0.3.2
142 silly currentTree +-- extract-zip@1.6.6
142 silly currentTree | `-- mkdirp@0.5.0
142 silly currentTree +-- extsprintf@1.3.0
142 silly currentTree +-- fast-deep-equal@1.0.0
142 silly currentTree +-- fast-json-stable-stringify@2.0.0
142 silly currentTree +-- fast-levenshtein@2.0.6
142 silly currentTree +-- fb-watchman@2.0.0
142 silly currentTree +-- fd-slicer@1.0.1
142 silly currentTree +-- filename-regex@2.0.1
142 silly currentTree +-- fileset@2.0.3
142 silly currentTree +-- fill-range@2.2.3
142 silly currentTree +-- find-up@2.1.0
142 silly currentTree +-- for-in@1.0.2
142 silly currentTree +-- for-own@0.1.5
142 silly currentTree +-- forever-agent@0.6.1
142 silly currentTree +-- form-data@2.3.1
142 silly currentTree +-- fs.realpath@1.0.0
142 silly currentTree +-- get-caller-file@1.0.2
142 silly currentTree +-- get-stream@3.0.0
142 silly currentTree +-- getpass@0.1.7
142 silly currentTree +-- glob-base@0.3.0
142 silly currentTree +-- glob-parent@2.0.0
142 silly currentTree +-- glob@7.1.2
142 silly currentTree +-- globals@9.18.0
142 silly currentTree +-- graceful-fs@4.1.11
142 silly currentTree +-- growly@1.3.0
142 silly currentTree +-- handlebars@4.0.11
142 silly currentTree | +-- async@1.5.2
142 silly currentTree | `-- source-map@0.4.4
142 silly currentTree +-- har-schema@2.0.0
142 silly currentTree +-- har-validator@5.0.3
142 silly currentTree +-- has-ansi@2.0.0
142 silly currentTree +-- has-flag@2.0.0
142 silly currentTree +-- hawk@6.0.2
142 silly currentTree +-- hoek@4.2.0
142 silly currentTree +-- home-or-tmp@2.0.0
142 silly currentTree +-- hosted-git-info@2.5.0
142 silly currentTree +-- html-encoding-sniffer@1.0.2
142 silly currentTree +-- http-signature@1.2.0
142 silly currentTree +-- https-proxy-agent@2.1.1
142 silly currentTree | `-- debug@3.1.0
142 silly currentTree +-- iconv-lite@0.4.19
142 silly currentTree +-- imurmurhash@0.1.4
142 silly currentTree +-- inflight@1.0.6
142 silly currentTree +-- inherits@2.0.3
142 silly currentTree +-- invariant@2.2.2
142 silly currentTree +-- invert-kv@1.0.0
142 silly currentTree +-- is-arrayish@0.2.1
142 silly currentTree +-- is-buffer@1.1.6
142 silly currentTree +-- is-builtin-module@1.0.0
142 silly currentTree +-- is-ci@1.0.10
142 silly currentTree +-- is-dotfile@1.0.3
142 silly currentTree +-- is-equal-shallow@0.1.3
142 silly currentTree +-- is-extendable@0.1.1
142 silly currentTree +-- is-extglob@1.0.0
142 silly currentTree +-- is-finite@1.0.2
142 silly currentTree +-- is-fullwidth-code-point@1.0.0
142 silly currentTree +-- is-glob@2.0.1
142 silly currentTree +-- is-number@2.1.0
142 silly currentTree +-- is-posix-bracket@0.1.1
142 silly currentTree +-- is-primitive@2.0.0
142 silly currentTree +-- is-stream@1.1.0
142 silly currentTree +-- is-typedarray@1.0.0
142 silly currentTree +-- is-utf8@0.2.1
142 silly currentTree +-- isarray@1.0.0
142 silly currentTree +-- isexe@2.0.0
142 silly currentTree +-- isobject@2.1.0
142 silly currentTree +-- isstream@0.1.2
142 silly currentTree +-- istanbul-api@1.2.1
142 silly currentTree +-- istanbul-lib-coverage@1.1.1
142 silly currentTree +-- istanbul-lib-hook@1.1.0
142 silly currentTree +-- istanbul-lib-instrument@1.9.1
142 silly currentTree +-- istanbul-lib-report@1.1.2
142 silly currentTree | +-- has-flag@1.0.0
142 silly currentTree | `-- supports-color@3.2.3
142 silly currentTree +-- istanbul-lib-source-maps@1.2.2
142 silly currentTree | `-- debug@3.1.0
142 silly currentTree +-- istanbul-reports@1.1.3
142 silly currentTree +-- jest-changed-files@21.2.0
142 silly currentTree +-- jest-config@21.2.1
142 silly currentTree +-- jest-diff@21.2.1
142 silly currentTree +-- jest-docblock@21.2.0
142 silly currentTree +-- jest-environment-jsdom@21.2.1
142 silly currentTree +-- jest-environment-node@21.2.1
142 silly currentTree +-- jest-get-type@21.2.0
142 silly currentTree +-- jest-haste-map@21.2.0
142 silly currentTree +-- jest-jasmine2@21.2.1
142 silly currentTree +-- jest-matcher-utils@21.2.1
142 silly currentTree +-- jest-message-util@21.2.1
142 silly currentTree +-- jest-mock@21.2.0
142 silly currentTree +-- jest-regex-util@21.2.0
142 silly currentTree +-- jest-resolve-dependencies@21.2.0
142 silly currentTree +-- jest-resolve@21.2.0
142 silly currentTree +-- jest-runner@21.2.1
142 silly currentTree +-- jest-runtime@21.2.1
142 silly currentTree | `-- strip-bom@3.0.0
142 silly currentTree +-- jest-snapshot@21.2.1
142 silly currentTree +-- jest-util@21.2.1
142 silly currentTree +-- jest-validate@21.2.1
142 silly currentTree +-- jest@21.2.1
142 silly currentTree | `-- jest-cli@21.2.1
142 silly currentTree +-- js-tokens@3.0.2
142 silly currentTree +-- js-yaml@3.10.0
142 silly currentTree +-- jsbn@0.1.1
142 silly currentTree +-- jsdom@9.12.0
142 silly currentTree +-- jsesc@1.3.0
142 silly currentTree +-- json-schema-traverse@0.3.1
142 silly currentTree +-- json-schema@0.2.3
142 silly currentTree +-- json-stable-stringify@1.0.1
142 silly currentTree +-- json-stringify-safe@5.0.1
142 silly currentTree +-- json5@0.5.1
142 silly currentTree +-- jsonify@0.0.0
142 silly currentTree +-- jsprim@1.4.1
142 silly currentTree +-- kind-of@3.2.2
142 silly currentTree +-- lazy-cache@1.0.4
142 silly currentTree +-- lcid@1.0.0
142 silly currentTree +-- leven@2.1.0
142 silly currentTree +-- levn@0.3.0
142 silly currentTree +-- load-json-file@1.1.0
142 silly currentTree | `-- pify@2.3.0
142 silly currentTree +-- locate-path@2.0.0
142 silly currentTree +-- lodash@4.17.4
142 silly currentTree +-- longest@1.0.1
142 silly currentTree +-- looks-same@3.2.1
142 silly currentTree +-- loose-envify@1.3.1
142 silly currentTree +-- lru-cache@4.1.1
142 silly currentTree +-- makeerror@1.0.11
142 silly currentTree +-- mem@1.1.0
142 silly currentTree +-- merge@1.2.0
142 silly currentTree +-- micromatch@2.3.11
142 silly currentTree +-- mime-db@1.30.0
142 silly currentTree +-- mime-types@2.1.17
142 silly currentTree +-- mime@1.6.0
142 silly currentTree +-- mimic-fn@1.1.0
142 silly currentTree +-- minimatch@3.0.4
142 silly currentTree +-- minimist@0.0.8
142 silly currentTree +-- mkdirp@0.5.1
142 silly currentTree +-- ms@2.0.0
142 silly currentTree +-- natural-compare@1.4.0
142 silly currentTree +-- node-int64@0.4.0
142 silly currentTree +-- node-notifier@5.1.2
142 silly currentTree +-- normalize-package-data@2.4.0
142 silly currentTree +-- normalize-path@2.1.1
142 silly currentTree +-- npm-run-path@2.0.2
142 silly currentTree +-- number-is-nan@1.0.1
142 silly currentTree +-- nwmatcher@1.4.3
142 silly currentTree +-- oauth-sign@0.8.2
142 silly currentTree +-- object-assign@4.1.1
142 silly currentTree +-- object.omit@2.0.1
142 silly currentTree +-- once@1.4.0
142 silly currentTree +-- optimist@0.6.1
142 silly currentTree +-- optionator@0.8.2
142 silly currentTree | `-- wordwrap@1.0.0
142 silly currentTree +-- os-homedir@1.0.2
142 silly currentTree +-- os-locale@2.1.0
142 silly currentTree +-- os-tmpdir@1.0.2
142 silly currentTree +-- p-cancelable@0.3.0
142 silly currentTree +-- p-finally@1.0.0
142 silly currentTree +-- p-limit@1.1.0
142 silly currentTree +-- p-locate@2.0.0
142 silly currentTree +-- parse-color@1.0.0
142 silly currentTree +-- parse-glob@3.0.4
142 silly currentTree +-- parse-json@2.2.0
142 silly currentTree +-- parse5@1.5.1
142 silly currentTree +-- path-exists@3.0.0
142 silly currentTree +-- path-is-absolute@1.0.1
142 silly currentTree +-- path-key@2.0.1
142 silly currentTree +-- path-parse@1.0.5
142 silly currentTree +-- path-type@1.1.0
142 silly currentTree | `-- pify@2.3.0
142 silly currentTree +-- pend@1.2.0
142 silly currentTree +-- performance-now@2.1.0
142 silly currentTree +-- pify@3.0.0
142 silly currentTree +-- pinkie-promise@2.0.1
142 silly currentTree +-- pinkie@2.0.4
142 silly currentTree +-- pngjs@3.3.1
142 silly currentTree +-- prelude-ls@1.1.2
142 silly currentTree +-- preserve@0.2.0
142 silly currentTree +-- pretty-format@21.2.1
142 silly currentTree | `-- ansi-regex@3.0.0
142 silly currentTree +-- private@0.1.8
142 silly currentTree +-- process-nextick-args@1.0.7
142 silly currentTree +-- progress@2.0.0
142 silly currentTree +-- proxy-from-env@1.0.0
142 silly currentTree +-- prr@0.0.0
142 silly currentTree +-- pseudomap@1.0.2
142 silly currentTree +-- punycode@1.4.1
142 silly currentTree +-- puppeteer@0.13.0
142 silly currentTree +-- qs@6.5.1
142 silly currentTree +-- randomatic@1.1.7
142 silly currentTree | +-- is-number@3.0.0
142 silly currentTree | | `-- kind-of@3.2.2
142 silly currentTree | `-- kind-of@4.0.0
142 silly currentTree +-- read-pkg-up@1.0.1
142 silly currentTree | +-- find-up@1.1.2
142 silly currentTree | `-- path-exists@2.1.0
142 silly currentTree +-- read-pkg@1.1.0
142 silly currentTree +-- readable-stream@2.3.3
142 silly currentTree +-- regenerator-runtime@0.11.0
142 silly currentTree +-- regex-cache@0.4.4
142 silly currentTree +-- remove-trailing-separator@1.1.0
142 silly currentTree +-- repeat-element@1.1.2
142 silly currentTree +-- repeat-string@1.6.1
142 silly currentTree +-- repeating@2.0.1
142 silly currentTree +-- request@2.83.0
142 silly currentTree +-- require-directory@2.1.1
142 silly currentTree +-- require-main-filename@1.0.1
142 silly currentTree +-- resolve@1.1.7
142 silly currentTree +-- right-align@0.1.3
142 silly currentTree +-- rimraf@2.6.2
142 silly currentTree +-- safe-buffer@5.1.1
142 silly currentTree +-- sane@2.2.0
142 silly currentTree | `-- minimist@1.2.0
142 silly currentTree +-- sax@1.2.4
142 silly currentTree +-- semver@5.4.1
142 silly currentTree +-- set-blocking@2.0.0
142 silly currentTree +-- shebang-command@1.2.0
142 silly currentTree +-- shebang-regex@1.0.0
142 silly currentTree +-- shellwords@0.1.1
142 silly currentTree +-- signal-exit@3.0.2
142 silly currentTree +-- slash@1.0.0
142 silly currentTree +-- sntp@2.1.0
142 silly currentTree +-- source-map-support@0.4.18
142 silly currentTree +-- source-map@0.5.7
142 silly currentTree +-- spdx-correct@1.0.2
142 silly currentTree +-- spdx-expression-parse@1.0.4
142 silly currentTree +-- spdx-license-ids@1.2.2
142 silly currentTree +-- sprintf-js@1.0.3
142 silly currentTree +-- sshpk@1.13.1
142 silly currentTree +-- string_decoder@1.0.3
142 silly currentTree +-- string-length@2.0.0
142 silly currentTree +-- string-width@2.1.1
142 silly currentTree | `-- is-fullwidth-code-point@2.0.0
142 silly currentTree +-- stringstream@0.0.5
142 silly currentTree +-- strip-ansi@4.0.0
142 silly currentTree | `-- ansi-regex@3.0.0
142 silly currentTree +-- strip-bom@2.0.0
142 silly currentTree +-- strip-eof@1.0.0
142 silly currentTree +-- supports-color@4.5.0
142 silly currentTree +-- symbol-tree@3.2.2
142 silly currentTree +-- test-exclude@4.1.1
142 silly currentTree +-- throat@4.1.0
142 silly currentTree +-- tmpl@1.0.4
142 silly currentTree +-- to-fast-properties@1.0.3
142 silly currentTree +-- tough-cookie@2.3.3
142 silly currentTree +-- tr46@0.0.3
142 silly currentTree +-- trim-right@1.0.1
142 silly currentTree +-- tunnel-agent@0.6.0
142 silly currentTree +-- tweetnacl@0.14.5
142 silly currentTree +-- type-check@0.3.2
142 silly currentTree +-- typedarray@0.0.6
142 silly currentTree +-- uglify-js@2.8.29
142 silly currentTree | `-- yargs@3.10.0
142 silly currentTree +-- uglify-to-browserify@1.0.2
142 silly currentTree +-- ultron@1.1.1
142 silly currentTree +-- util-deprecate@1.0.2
142 silly currentTree +-- uuid@3.1.0
142 silly currentTree +-- validate-npm-package-license@3.0.1
142 silly currentTree +-- verror@1.10.0
142 silly currentTree +-- walker@1.0.7
142 silly currentTree +-- watch@0.18.0
142 silly currentTree | `-- minimist@1.2.0
142 silly currentTree +-- webidl-conversions@4.0.2
142 silly currentTree +-- whatwg-encoding@1.0.3
142 silly currentTree +-- whatwg-url@4.8.0
142 silly currentTree | `-- webidl-conversions@3.0.1
142 silly currentTree +-- which-module@2.0.0
142 silly currentTree +-- which@1.3.0
142 silly currentTree +-- window-size@0.1.0
142 silly currentTree +-- wordwrap@0.0.3
142 silly currentTree +-- worker-farm@1.5.2
142 silly currentTree +-- wrap-ansi@2.1.0
142 silly currentTree | +-- string-width@1.0.2
142 silly currentTree | `-- strip-ansi@3.0.1
142 silly currentTree +-- wrappy@1.0.2
142 silly currentTree +-- write-file-atomic@2.3.0
142 silly currentTree +-- ws@3.3.2
142 silly currentTree +-- xml-name-validator@2.0.1
142 silly currentTree +-- xtend@4.0.1
142 silly currentTree +-- y18n@3.2.1
142 silly currentTree +-- yallist@2.1.2
142 silly currentTree +-- yargs-parser@7.0.0
142 silly currentTree | `-- camelcase@4.1.0
142 silly currentTree +-- yargs@9.0.1
142 silly currentTree | +-- camelcase@4.1.0
142 silly currentTree | +-- cliui@3.2.0
142 silly currentTree | | `-- string-width@1.0.2
142 silly currentTree | +-- load-json-file@2.0.0
142 silly currentTree | +-- path-type@2.0.0
142 silly currentTree | +-- pify@2.3.0
142 silly currentTree | +-- read-pkg-up@2.0.0
142 silly currentTree | +-- read-pkg@2.0.0
142 silly currentTree | +-- strip-ansi@3.0.1
142 silly currentTree | `-- strip-bom@3.0.0
142 silly currentTree `-- yauzl@2.4.1
143 silly idealTree test@1.0.0
143 silly idealTree +-- abab@1.0.4
143 silly idealTree +-- acorn-globals@3.1.0
143 silly idealTree +-- acorn@4.0.13
143 silly idealTree +-- agent-base@4.1.2
143 silly idealTree +-- ajv@5.5.1
143 silly idealTree +-- align-text@0.1.4
143 silly idealTree +-- amdefine@1.0.1
143 silly idealTree +-- ansi-escapes@3.0.0
143 silly idealTree +-- ansi-regex@2.1.1
143 silly idealTree +-- ansi-styles@3.2.0
143 silly idealTree | `-- color-convert@1.9.1
143 silly idealTree +-- anymatch@1.3.2
143 silly idealTree +-- append-transform@0.4.0
143 silly idealTree +-- argparse@1.0.9
143 silly idealTree +-- arr-diff@2.0.0
143 silly idealTree +-- arr-flatten@1.1.0
143 silly idealTree +-- array-equal@1.0.0
143 silly idealTree +-- array-unique@0.2.1
143 silly idealTree +-- arrify@1.0.1
143 silly idealTree +-- asn1@0.2.3
143 silly idealTree +-- assert-plus@1.0.0
143 silly idealTree +-- astral-regex@1.0.0
143 silly idealTree +-- async-limiter@1.0.0
143 silly idealTree +-- async@2.6.0
143 silly idealTree +-- asynckit@0.4.0
143 silly idealTree +-- aws-sign2@0.7.0
143 silly idealTree +-- aws4@1.6.0
143 silly idealTree +-- babel-code-frame@6.26.0
143 silly idealTree | +-- ansi-styles@2.2.1
143 silly idealTree | +-- chalk@1.1.3
143 silly idealTree | +-- strip-ansi@3.0.1
143 silly idealTree | `-- supports-color@2.0.0
143 silly idealTree +-- babel-core@6.26.0
143 silly idealTree +-- babel-generator@6.26.0
143 silly idealTree +-- babel-helpers@6.24.1
143 silly idealTree +-- babel-jest@21.2.0
143 silly idealTree +-- babel-messages@6.23.0
143 silly idealTree +-- babel-plugin-istanbul@4.1.5
143 silly idealTree +-- babel-plugin-jest-hoist@21.2.0
143 silly idealTree +-- babel-plugin-syntax-object-rest-spread@6.13.0
143 silly idealTree +-- babel-preset-jest@21.2.0
143 silly idealTree +-- babel-register@6.26.0
143 silly idealTree +-- babel-runtime@6.26.0
143 silly idealTree +-- babel-template@6.26.0
143 silly idealTree +-- babel-traverse@6.26.0
143 silly idealTree +-- babel-types@6.26.0
143 silly idealTree +-- babylon@6.18.0
143 silly idealTree +-- balanced-match@1.0.0
143 silly idealTree +-- bcrypt-pbkdf@1.0.1
143 silly idealTree +-- boom@4.3.1
143 silly idealTree +-- brace-expansion@1.1.8
143 silly idealTree +-- braces@1.8.5
143 silly idealTree +-- browser-resolve@1.11.2
143 silly idealTree +-- bser@2.0.0
143 silly idealTree +-- builtin-modules@1.1.1
143 silly idealTree +-- callsites@2.0.0
143 silly idealTree +-- camelcase@1.2.1
143 silly idealTree +-- caseless@0.12.0
143 silly idealTree +-- center-align@0.1.3
143 silly idealTree +-- chalk@2.3.0
143 silly idealTree +-- ci-info@1.1.2
143 silly idealTree +-- cliui@2.1.0
143 silly idealTree | `-- wordwrap@0.0.2
143 silly idealTree +-- co@4.6.0
143 silly idealTree +-- code-point-at@1.1.0
143 silly idealTree +-- color-convert@0.5.3
143 silly idealTree +-- color-diff@0.1.7
143 silly idealTree +-- color-name@1.1.3
143 silly idealTree +-- combined-stream@1.0.5
143 silly idealTree +-- concat-map@0.0.1
143 silly idealTree +-- concat-stream@1.6.0
143 silly idealTree +-- content-type-parser@1.0.2
143 silly idealTree +-- convert-source-map@1.5.1
143 silly idealTree +-- core-js@2.5.1
143 silly idealTree +-- core-util-is@1.0.2
143 silly idealTree +-- cross-spawn@5.1.0
143 silly idealTree +-- cryptiles@3.1.2
143 silly idealTree | `-- boom@5.2.0
143 silly idealTree +-- cssom@0.3.2
143 silly idealTree +-- cssstyle@0.2.37
143 silly idealTree +-- dashdash@1.14.1
143 silly idealTree +-- debug@2.6.9
143 silly idealTree +-- decamelize@1.2.0
143 silly idealTree +-- deep-is@0.1.3
143 silly idealTree +-- default-require-extensions@1.0.0
143 silly idealTree +-- delayed-stream@1.0.0
143 silly idealTree +-- detect-indent@4.0.0
143 silly idealTree +-- diff@3.4.0
143 silly idealTree +-- ecc-jsbn@0.1.1
143 silly idealTree +-- errno@0.1.4
143 silly idealTree +-- error-ex@1.3.1
143 silly idealTree +-- es6-promise@4.1.1
143 silly idealTree +-- es6-promisify@5.0.0
143 silly idealTree +-- escape-string-regexp@1.0.5
143 silly idealTree +-- escodegen@1.9.0
143 silly idealTree | `-- esprima@3.1.3
143 silly idealTree +-- esprima@4.0.0
143 silly idealTree +-- estraverse@4.2.0
143 silly idealTree +-- esutils@2.0.2
143 silly idealTree +-- exec-sh@0.2.1
143 silly idealTree +-- execa@0.7.0
143 silly idealTree +-- expand-brackets@0.1.5
143 silly idealTree +-- expand-range@1.8.2
143 silly idealTree +-- expect@21.2.1
143 silly idealTree +-- extend@3.0.1
143 silly idealTree +-- extglob@0.3.2
143 silly idealTree +-- extract-zip@1.6.6
143 silly idealTree | `-- mkdirp@0.5.0
143 silly idealTree +-- extsprintf@1.3.0
143 silly idealTree +-- fast-deep-equal@1.0.0
143 silly idealTree +-- fast-json-stable-stringify@2.0.0
143 silly idealTree +-- fast-levenshtein@2.0.6
143 silly idealTree +-- fb-watchman@2.0.0
143 silly idealTree +-- fd-slicer@1.0.1
143 silly idealTree +-- filename-regex@2.0.1
143 silly idealTree +-- fileset@2.0.3
143 silly idealTree +-- fill-range@2.2.3
143 silly idealTree +-- find-up@2.1.0
143 silly idealTree +-- for-in@1.0.2
143 silly idealTree +-- for-own@0.1.5
143 silly idealTree +-- forever-agent@0.6.1
143 silly idealTree +-- form-data@2.3.1
143 silly idealTree +-- fs.realpath@1.0.0
143 silly idealTree +-- get-caller-file@1.0.2
143 silly idealTree +-- get-stream@3.0.0
143 silly idealTree +-- getpass@0.1.7
143 silly idealTree +-- glob-base@0.3.0
143 silly idealTree +-- glob-parent@2.0.0
143 silly idealTree +-- glob@7.1.2
143 silly idealTree +-- globals@9.18.0
143 silly idealTree +-- graceful-fs@4.1.11
143 silly idealTree +-- growly@1.3.0
143 silly idealTree +-- handlebars@4.0.11
143 silly idealTree | +-- async@1.5.2
143 silly idealTree | `-- source-map@0.4.4
143 silly idealTree +-- har-schema@2.0.0
143 silly idealTree +-- har-validator@5.0.3
143 silly idealTree +-- has-ansi@2.0.0
143 silly idealTree +-- has-flag@2.0.0
143 silly idealTree +-- hawk@6.0.2
143 silly idealTree +-- hoek@4.2.0
143 silly idealTree +-- home-or-tmp@2.0.0
143 silly idealTree +-- hosted-git-info@2.5.0
143 silly idealTree +-- html-encoding-sniffer@1.0.2
143 silly idealTree +-- http-signature@1.2.0
143 silly idealTree +-- https-proxy-agent@2.1.1
143 silly idealTree | `-- debug@3.1.0
143 silly idealTree +-- iconv-lite@0.4.19
143 silly idealTree +-- imurmurhash@0.1.4
143 silly idealTree +-- inflight@1.0.6
143 silly idealTree +-- inherits@2.0.3
143 silly idealTree +-- invariant@2.2.2
143 silly idealTree +-- invert-kv@1.0.0
143 silly idealTree +-- is-arrayish@0.2.1
143 silly idealTree +-- is-buffer@1.1.6
143 silly idealTree +-- is-builtin-module@1.0.0
143 silly idealTree +-- is-ci@1.0.10
143 silly idealTree +-- is-dotfile@1.0.3
143 silly idealTree +-- is-equal-shallow@0.1.3
143 silly idealTree +-- is-extendable@0.1.1
143 silly idealTree +-- is-extglob@1.0.0
143 silly idealTree +-- is-finite@1.0.2
143 silly idealTree +-- is-fullwidth-code-point@1.0.0
143 silly idealTree +-- is-glob@2.0.1
143 silly idealTree +-- is-number@2.1.0
143 silly idealTree +-- is-posix-bracket@0.1.1
143 silly idealTree +-- is-primitive@2.0.0
143 silly idealTree +-- is-stream@1.1.0
143 silly idealTree +-- is-typedarray@1.0.0
143 silly idealTree +-- is-utf8@0.2.1
143 silly idealTree +-- isarray@1.0.0
143 silly idealTree +-- isexe@2.0.0
143 silly idealTree +-- isobject@2.1.0
143 silly idealTree +-- isstream@0.1.2
143 silly idealTree +-- istanbul-api@1.2.1
143 silly idealTree +-- istanbul-lib-coverage@1.1.1
143 silly idealTree +-- istanbul-lib-hook@1.1.0
143 silly idealTree +-- istanbul-lib-instrument@1.9.1
143 silly idealTree +-- istanbul-lib-report@1.1.2
143 silly idealTree | +-- has-flag@1.0.0
143 silly idealTree | `-- supports-color@3.2.3
143 silly idealTree +-- istanbul-lib-source-maps@1.2.2
143 silly idealTree | `-- debug@3.1.0
143 silly idealTree +-- istanbul-reports@1.1.3
143 silly idealTree +-- jest-changed-files@21.2.0
143 silly idealTree +-- jest-config@21.2.1
143 silly idealTree +-- jest-diff@21.2.1
143 silly idealTree +-- jest-docblock@21.2.0
143 silly idealTree +-- jest-environment-jsdom@21.2.1
143 silly idealTree +-- jest-environment-node@21.2.1
143 silly idealTree +-- jest-get-type@21.2.0
143 silly idealTree +-- jest-haste-map@21.2.0
143 silly idealTree +-- jest-jasmine2@21.2.1
143 silly idealTree +-- jest-matcher-utils@21.2.1
143 silly idealTree +-- jest-message-util@21.2.1
143 silly idealTree +-- jest-mock@21.2.0
143 silly idealTree +-- jest-regex-util@21.2.0
143 silly idealTree +-- jest-resolve-dependencies@21.2.0
143 silly idealTree +-- jest-resolve@21.2.0
143 silly idealTree +-- jest-runner@21.2.1
143 silly idealTree +-- jest-runtime@21.2.1
143 silly idealTree | `-- strip-bom@3.0.0
143 silly idealTree +-- jest-snapshot@21.2.1
143 silly idealTree +-- jest-util@21.2.1
143 silly idealTree +-- jest-validate@21.2.1
143 silly idealTree +-- jest@21.2.1
143 silly idealTree | `-- jest-cli@21.2.1
143 silly idealTree +-- js-tokens@3.0.2
143 silly idealTree +-- js-yaml@3.10.0
143 silly idealTree +-- jsbn@0.1.1
143 silly idealTree +-- jsdom@9.12.0
143 silly idealTree +-- jsesc@1.3.0
143 silly idealTree +-- json-schema-traverse@0.3.1
143 silly idealTree +-- json-schema@0.2.3
143 silly idealTree +-- json-stable-stringify@1.0.1
143 silly idealTree +-- json-stringify-safe@5.0.1
143 silly idealTree +-- json5@0.5.1
143 silly idealTree +-- jsonify@0.0.0
143 silly idealTree +-- jsprim@1.4.1
143 silly idealTree +-- kind-of@3.2.2
143 silly idealTree +-- lazy-cache@1.0.4
143 silly idealTree +-- lcid@1.0.0
143 silly idealTree +-- leven@2.1.0
143 silly idealTree +-- levn@0.3.0
143 silly idealTree +-- load-json-file@1.1.0
143 silly idealTree | `-- pify@2.3.0
143 silly idealTree +-- locate-path@2.0.0
143 silly idealTree +-- lodash@4.17.4
143 silly idealTree +-- longest@1.0.1
143 silly idealTree +-- looks-same@3.2.1
143 silly idealTree +-- loose-envify@1.3.1
143 silly idealTree +-- lru-cache@4.1.1
143 silly idealTree +-- makeerror@1.0.11
143 silly idealTree +-- mem@1.1.0
143 silly idealTree +-- merge@1.2.0
143 silly idealTree +-- micromatch@2.3.11
143 silly idealTree +-- mime-db@1.30.0
143 silly idealTree +-- mime-types@2.1.17
143 silly idealTree +-- mime@1.6.0
143 silly idealTree +-- mimic-fn@1.1.0
143 silly idealTree +-- minimatch@3.0.4
143 silly idealTree +-- minimist@0.0.8
143 silly idealTree +-- mkdirp@0.5.1
143 silly idealTree +-- ms@2.0.0
143 silly idealTree +-- natural-compare@1.4.0
143 silly idealTree +-- node-bin-setup@1.0.6
143 silly idealTree +-- node-int64@0.4.0
143 silly idealTree +-- node-notifier@5.1.2
143 silly idealTree +-- node@9.2.0
143 silly idealTree +-- normalize-package-data@2.4.0
143 silly idealTree +-- normalize-path@2.1.1
143 silly idealTree +-- npm-run-path@2.0.2
143 silly idealTree +-- number-is-nan@1.0.1
143 silly idealTree +-- nwmatcher@1.4.3
143 silly idealTree +-- oauth-sign@0.8.2
143 silly idealTree +-- object-assign@4.1.1
143 silly idealTree +-- object.omit@2.0.1
143 silly idealTree +-- once@1.4.0
143 silly idealTree +-- optimist@0.6.1
143 silly idealTree +-- optionator@0.8.2
143 silly idealTree | `-- wordwrap@1.0.0
143 silly idealTree +-- os-homedir@1.0.2
143 silly idealTree +-- os-locale@2.1.0
143 silly idealTree +-- os-tmpdir@1.0.2
143 silly idealTree +-- p-cancelable@0.3.0
143 silly idealTree +-- p-finally@1.0.0
143 silly idealTree +-- p-limit@1.1.0
143 silly idealTree +-- p-locate@2.0.0
143 silly idealTree +-- parse-color@1.0.0
143 silly idealTree +-- parse-glob@3.0.4
143 silly idealTree +-- parse-json@2.2.0
143 silly idealTree +-- parse5@1.5.1
143 silly idealTree +-- path-exists@3.0.0
143 silly idealTree +-- path-is-absolute@1.0.1
143 silly idealTree +-- path-key@2.0.1
143 silly idealTree +-- path-parse@1.0.5
143 silly idealTree +-- path-type@1.1.0
143 silly idealTree | `-- pify@2.3.0
143 silly idealTree +-- pend@1.2.0
143 silly idealTree +-- performance-now@2.1.0
143 silly idealTree +-- pify@3.0.0
143 silly idealTree +-- pinkie-promise@2.0.1
143 silly idealTree +-- pinkie@2.0.4
143 silly idealTree +-- pngjs@3.3.1
143 silly idealTree +-- prelude-ls@1.1.2
143 silly idealTree +-- preserve@0.2.0
143 silly idealTree +-- pretty-format@21.2.1
143 silly idealTree | `-- ansi-regex@3.0.0
143 silly idealTree +-- private@0.1.8
143 silly idealTree +-- process-nextick-args@1.0.7
143 silly idealTree +-- progress@2.0.0
143 silly idealTree +-- proxy-from-env@1.0.0
143 silly idealTree +-- prr@0.0.0
143 silly idealTree +-- pseudomap@1.0.2
143 silly idealTree +-- punycode@1.4.1
143 silly idealTree +-- puppeteer@0.13.0
143 silly idealTree +-- qs@6.5.1
143 silly idealTree +-- randomatic@1.1.7
143 silly idealTree | +-- is-number@3.0.0
143 silly idealTree | | `-- kind-of@3.2.2
143 silly idealTree | `-- kind-of@4.0.0
143 silly idealTree +-- read-pkg-up@1.0.1
143 silly idealTree | +-- find-up@1.1.2
143 silly idealTree | `-- path-exists@2.1.0
143 silly idealTree +-- read-pkg@1.1.0
143 silly idealTree +-- readable-stream@2.3.3
143 silly idealTree +-- regenerator-runtime@0.11.0
143 silly idealTree +-- regex-cache@0.4.4
143 silly idealTree +-- remove-trailing-separator@1.1.0
143 silly idealTree +-- repeat-element@1.1.2
143 silly idealTree +-- repeat-string@1.6.1
143 silly idealTree +-- repeating@2.0.1
143 silly idealTree +-- request@2.83.0
143 silly idealTree +-- require-directory@2.1.1
143 silly idealTree +-- require-main-filename@1.0.1
143 silly idealTree +-- resolve@1.1.7
143 silly idealTree +-- right-align@0.1.3
143 silly idealTree +-- rimraf@2.6.2
143 silly idealTree +-- safe-buffer@5.1.1
143 silly idealTree +-- sane@2.2.0
143 silly idealTree | `-- minimist@1.2.0
143 silly idealTree +-- sax@1.2.4
143 silly idealTree +-- semver@5.4.1
143 silly idealTree +-- set-blocking@2.0.0
143 silly idealTree +-- shebang-command@1.2.0
143 silly idealTree +-- shebang-regex@1.0.0
143 silly idealTree +-- shellwords@0.1.1
143 silly idealTree +-- signal-exit@3.0.2
143 silly idealTree +-- slash@1.0.0
143 silly idealTree +-- sntp@2.1.0
143 silly idealTree +-- source-map-support@0.4.18
143 silly idealTree +-- source-map@0.5.7
143 silly idealTree +-- spdx-correct@1.0.2
143 silly idealTree +-- spdx-expression-parse@1.0.4
143 silly idealTree +-- spdx-license-ids@1.2.2
143 silly idealTree +-- sprintf-js@1.0.3
143 silly idealTree +-- sshpk@1.13.1
143 silly idealTree +-- string_decoder@1.0.3
143 silly idealTree +-- string-length@2.0.0
143 silly idealTree +-- string-width@2.1.1
143 silly idealTree | `-- is-fullwidth-code-point@2.0.0
143 silly idealTree +-- stringstream@0.0.5
143 silly idealTree +-- strip-ansi@4.0.0
143 silly idealTree | `-- ansi-regex@3.0.0
143 silly idealTree +-- strip-bom@2.0.0
143 silly idealTree +-- strip-eof@1.0.0
143 silly idealTree +-- supports-color@4.5.0
143 silly idealTree +-- symbol-tree@3.2.2
143 silly idealTree +-- test-exclude@4.1.1
143 silly idealTree +-- throat@4.1.0
143 silly idealTree +-- tmpl@1.0.4
143 silly idealTree +-- to-fast-properties@1.0.3
143 silly idealTree +-- tough-cookie@2.3.3
143 silly idealTree +-- tr46@0.0.3
143 silly idealTree +-- trim-right@1.0.1
143 silly idealTree +-- tunnel-agent@0.6.0
143 silly idealTree +-- tweetnacl@0.14.5
143 silly idealTree +-- type-check@0.3.2
143 silly idealTree +-- typedarray@0.0.6
143 silly idealTree +-- uglify-js@2.8.29
143 silly idealTree | `-- yargs@3.10.0
143 silly idealTree +-- uglify-to-browserify@1.0.2
143 silly idealTree +-- ultron@1.1.1
143 silly idealTree +-- util-deprecate@1.0.2
143 silly idealTree +-- uuid@3.1.0
143 silly idealTree +-- validate-npm-package-license@3.0.1
143 silly idealTree +-- verror@1.10.0
143 silly idealTree +-- walker@1.0.7
143 silly idealTree +-- watch@0.18.0
143 silly idealTree | `-- minimist@1.2.0
143 silly idealTree +-- webidl-conversions@4.0.2
143 silly idealTree +-- whatwg-encoding@1.0.3
143 silly idealTree +-- whatwg-url@4.8.0
143 silly idealTree | `-- webidl-conversions@3.0.1
143 silly idealTree +-- which-module@2.0.0
143 silly idealTree +-- which@1.3.0
143 silly idealTree +-- window-size@0.1.0
143 silly idealTree +-- wordwrap@0.0.3
143 silly idealTree +-- worker-farm@1.5.2
143 silly idealTree +-- wrap-ansi@2.1.0
143 silly idealTree | +-- string-width@1.0.2
143 silly idealTree | `-- strip-ansi@3.0.1
143 silly idealTree +-- wrappy@1.0.2
143 silly idealTree +-- write-file-atomic@2.3.0
143 silly idealTree +-- ws@3.3.2
143 silly idealTree +-- xml-name-validator@2.0.1
143 silly idealTree +-- xtend@4.0.1
143 silly idealTree +-- y18n@3.2.1
143 silly idealTree +-- yallist@2.1.2
143 silly idealTree +-- yargs-parser@7.0.0
143 silly idealTree | `-- camelcase@4.1.0
143 silly idealTree +-- yargs@9.0.1
143 silly idealTree | +-- camelcase@4.1.0
143 silly idealTree | +-- cliui@3.2.0
143 silly idealTree | | `-- string-width@1.0.2
143 silly idealTree | +-- load-json-file@2.0.0
143 silly idealTree | +-- path-type@2.0.0
143 silly idealTree | +-- pify@2.3.0
143 silly idealTree | +-- read-pkg-up@2.0.0
143 silly idealTree | +-- read-pkg@2.0.0
143 silly idealTree | +-- strip-ansi@3.0.1
143 silly idealTree | `-- strip-bom@3.0.0
143 silly idealTree `-- yauzl@2.4.1
144 silly generateActionsToTake Starting
145 silly install generateActionsToTake
146 silly generateActionsToTake Finishing
147 silly diffTrees action count 2
148 silly diffTrees add node-bin-setup@1.0.6
149 silly diffTrees add node@9.2.0
150 silly decomposeActions action count 16
151 silly decomposeActions fetch node-bin-setup@1.0.6
152 silly decomposeActions extract node-bin-setup@1.0.6
153 silly decomposeActions test node-bin-setup@1.0.6
154 silly decomposeActions preinstall node-bin-setup@1.0.6
155 silly decomposeActions build node-bin-setup@1.0.6
156 silly decomposeActions install node-bin-setup@1.0.6
157 silly decomposeActions postinstall node-bin-setup@1.0.6
158 silly decomposeActions finalize node-bin-setup@1.0.6
159 silly decomposeActions fetch node@9.2.0
160 silly decomposeActions extract node@9.2.0
161 silly decomposeActions test node@9.2.0
162 silly decomposeActions preinstall node@9.2.0
163 silly decomposeActions build node@9.2.0
164 silly decomposeActions install node@9.2.0
165 silly decomposeActions postinstall node@9.2.0
166 silly decomposeActions finalize node@9.2.0
167 silly runTopLevelLifecycles Starting
168 silly executeActions Starting
169 silly install executeActions
170 silly doSerial global-install 0
171 silly doParallel fetch 2
172 verbose correctMkdir C:\Users\Lucy\AppData\Roaming\npm-cache\_locks correctMkdir not in flight; initializing
173 verbose lock using C:\Users\Lucy\AppData\Roaming\npm-cache\_locks\staging-fe24609d3fd3c26c.lock for C:\Users\Lucy\test\node_modules\.staging
174 silly doParallel extract 2
175 silly extract node-bin-setup@1.0.6
176 silly extract node@9.2.0
177 verbose unbuild node_modules\.staging\node-bin-setup-5013bcf1
178 verbose unbuild node_modules\.staging\node-962b23b8
179 silly gentlyRm C:\Users\Lucy\test\node_modules\.staging\node-bin-setup-5013bcf1 is being purged from base C:\Users\Lucy\test
180 verbose gentlyRm don't care about contents; nuking C:\Users\Lucy\test\node_modules\.staging\node-bin-setup-5013bcf1
181 verbose tar unpack C:\Users\Lucy\AppData\Roaming\npm-cache\node-bin-setup\1.0.6\package.tgz
182 verbose tar unpacking to C:\Users\Lucy\test\node_modules\.staging\node-bin-setup-5013bcf1
183 silly gentlyRm C:\Users\Lucy\test\node_modules\.staging\node-bin-setup-5013bcf1 is being purged
184 verbose gentlyRm don't care about contents; nuking C:\Users\Lucy\test\node_modules\.staging\node-bin-setup-5013bcf1
185 silly gunzTarPerm modes [ '777', '666' ]
186 silly gentlyRm C:\Users\Lucy\test\node_modules\.staging\node-962b23b8 is being purged from base C:\Users\Lucy\test
187 verbose gentlyRm don't care about contents; nuking C:\Users\Lucy\test\node_modules\.staging\node-962b23b8
188 verbose tar unpack C:\Users\Lucy\AppData\Roaming\npm-cache\node\9.2.0\package.tgz
189 verbose tar unpacking to C:\Users\Lucy\test\node_modules\.staging\node-962b23b8
190 silly gentlyRm C:\Users\Lucy\test\node_modules\.staging\node-962b23b8 is being purged
191 verbose gentlyRm don't care about contents; nuking C:\Users\Lucy\test\node_modules\.staging\node-962b23b8
192 silly gunzTarPerm modes [ '777', '666' ]
193 silly gunzTarPerm extractEntry package.json
194 silly gunzTarPerm modified mode [ 'package.json', 420, 438 ]
195 silly gunzTarPerm extractEntry package.json
196 silly gunzTarPerm modified mode [ 'package.json', 420, 438 ]
197 silly gunzTarPerm extractEntry index.js
198 silly gunzTarPerm modified mode [ 'index.js', 420, 438 ]
199 silly gunzTarPerm extractEntry installArchSpecificPackage.js
200 silly gunzTarPerm modified mode [ 'installArchSpecificPackage.js', 420, 438 ]
201 silly gunzTarPerm extractEntry README.md
202 silly gunzTarPerm modified mode [ 'README.md', 420, 438 ]
203 silly gentlyRm C:\Users\Lucy\test\node_modules\.staging\node-bin-setup-5013bcf1\node_modules is being purged
204 verbose gentlyRm don't care about contents; nuking C:\Users\Lucy\test\node_modules\.staging\node-bin-setup-5013bcf1\node_modules
205 silly gentlyRm C:\Users\Lucy\test\node_modules\.staging\node-962b23b8\node_modules is being purged
206 verbose gentlyRm don't care about contents; nuking C:\Users\Lucy\test\node_modules\.staging\node-962b23b8\node_modules
207 silly doParallel preinstall 2
208 silly preinstall node-bin-setup@1.0.6 C:\Users\Lucy\test\node_modules\.staging\node-bin-setup-5013bcf1
209 info lifecycle node-bin-setup@1.0.6~preinstall: node-bin-setup@1.0.6
210 silly preinstall node@9.2.0 C:\Users\Lucy\test\node_modules\.staging\node-962b23b8
211 info lifecycle node@9.2.0~preinstall: node@9.2.0
212 silly lifecycle node-bin-setup@1.0.6~preinstall: no script for preinstall, continuing
213 verbose lifecycle node@9.2.0~preinstall: unsafe-perm in lifecycle true
214 verbose lifecycle node@9.2.0~preinstall: PATH: C:\Program Files\nodejs\node_modules\npm\bin\node-gyp-bin;C:\Users\Lucy\test\node_modules\.staging\node-962b23b8\node_modules\.bin;C:\Users\Lucy\test\node_modules\.bin;C:\ProgramData\Oracle\Java\javapath;C:\Program Files (x86)\Intel\iCLS Client\;C:\Program Files\Intel\iCLS Client\;C:\WINDOWS\system32;C:\WINDOWS;C:\WINDOWS\System32\Wbem;C:\WINDOWS\System32\WindowsPowerShell\v1.0\;C:\Program Files (x86)\Intel\Intel(R) Management Engine Components\DAL;C:\Program Files\Intel\Intel(R) Management Engine Components\DAL;C:\Program Files (x86)\Intel\Intel(R) Management Engine Components\IPT;C:\Program Files\Intel\Intel(R) Management Engine Components\IPT;C:\Program Files (x86)\ATI Technologies\ATI.ACE\Core-Static;C:\Program Files (x86)\Common Files\lenovo\easyplussdk\bin;C:\Program Files\Intel\WiFi\bin\;C:\Program Files\Common Files\Intel\WirelessCommon\;C:\Program Files\Git\cmd;C:\Program Files\nodejs\;C:\Program Files (x86)\Skype\Phone\;C:\Program Files\Java\jdk1.8.0_121\bin;C:\Users\Lucy\AppData\Local\Android\sdk\tools;C:\Users\Lucy\AppData\Local\Android\sdk\platform-tools;C:\Program Files (x86)\Microsoft SQL Server\Client SDK\ODBC\130\Tools\Binn\;C:\Program Files (x86)\Microsoft SQL Server\140\Tools\Binn\;C:\Program Files (x86)\Microsoft SQL Server\140\DTS\Binn\;C:\Program Files (x86)\Microsoft SQL Server\140\Tools\Binn\ManagementStudio\;C:\Users\Lucy\AppData\Roaming\npm;%USERPROFILE%\AppData\Local\Microsoft\WindowsApps;;C:\Users\Lucy\AppData\Local\Programs\Fiddler
215 verbose lifecycle node@9.2.0~preinstall: CWD: C:\Users\Lucy\test\node_modules\.staging\node-962b23b8
216 silly lifecycle node@9.2.0~preinstall: Args: [ '/d /s /c', 'node installArchSpecificPackage' ]
217 silly lifecycle node@9.2.0~preinstall: Returned: code: 1  signal: null
218 info lifecycle node@9.2.0~preinstall: Failed to exec preinstall script
219 verbose unlock done using C:\Users\Lucy\AppData\Roaming\npm-cache\_locks\staging-fe24609d3fd3c26c.lock for C:\Users\Lucy\test\node_modules\.staging
220 silly rollbackFailedOptional Starting
221 silly rollbackFailedOptional Finishing
222 silly runTopLevelLifecycles Finishing
223 silly install printInstalled
224 warn optional SKIPPING OPTIONAL DEPENDENCY: fsevents@^1.1.1 (node_modules\sane\node_modules\fsevents):
225 warn notsup SKIPPING OPTIONAL DEPENDENCY: Unsupported platform for fsevents@1.1.3: wanted {"os":"darwin","arch":"any"} (current: {"os":"win32","arch":"x64"})
226 verbose notsup SKIPPING OPTIONAL DEPENDENCY: Valid OS:    darwin
226 verbose notsup SKIPPING OPTIONAL DEPENDENCY: Valid Arch:  any
226 verbose notsup SKIPPING OPTIONAL DEPENDENCY: Actual OS:   win32
226 verbose notsup SKIPPING OPTIONAL DEPENDENCY: Actual Arch: x64
227 warn test@1.0.0 No description
228 verbose If you need help, you may report this error at:
228 verbose     <https://github.com/npm/npm/issues>
229 warn test@1.0.0 No repository field.
230 verbose If you need help, you may report this error at:
230 verbose     <https://github.com/npm/npm/issues>
231 verbose stack Error: node@9.2.0 preinstall: `node installArchSpecificPackage`
231 verbose stack Exit status 1
231 verbose stack     at EventEmitter.<anonymous> (C:\Program Files\nodejs\node_modules\npm\lib\utils\lifecycle.js:255:16)
231 verbose stack     at emitTwo (events.js:106:13)
231 verbose stack     at EventEmitter.emit (events.js:191:7)
231 verbose stack     at ChildProcess.<anonymous> (C:\Program Files\nodejs\node_modules\npm\lib\utils\spawn.js:40:14)
231 verbose stack     at emitTwo (events.js:106:13)
231 verbose stack     at ChildProcess.emit (events.js:191:7)
231 verbose stack     at maybeClose (internal/child_process.js:877:16)
231 verbose stack     at Process.ChildProcess._handle.onexit (internal/child_process.js:226:5)
232 verbose pkgid node@9.2.0
233 verbose cwd C:\Users\Lucy\test
234 error Windows_NT 10.0.16299
235 error argv "C:\\Program Files\\nodejs\\node.exe" "C:\\Program Files\\nodejs\\node_modules\\npm\\bin\\npm-cli.js" "install" "node"
236 error node v6.9.5
237 error npm  v3.10.10
238 error code ELIFECYCLE
239 error node@9.2.0 preinstall: `node installArchSpecificPackage`
239 error Exit status 1
240 error Failed at the node@9.2.0 preinstall script 'node installArchSpecificPackage'.
240 error Make sure you have the latest version of node.js and npm installed.
240 error If you do, this is most likely a problem with the node package,
240 error not with npm itself.
240 error Tell the author that this fails on your system:
240 error     node installArchSpecificPackage
240 error You can get information on how to open an issue for this project with:
240 error     npm bugs node
240 error Or if that isn't available, you can get their info via:
240 error     npm owner ls node
240 error There is likely additional logging output above.
241 verbose exit [ 1, true ]
